app/build/outputs/logs/manifest-merger-debug-report.txt
-- Merging decision tree log ---
manifest
ADDED from src\main\AndroidManifest.xml:2:1-58:12
	xmlns:android
		ADDED from src\main\AndroidManifest.xml:2:11-69
	package
		ADDED from src\main\AndroidManifest.xml:3:2-39
		INJECTED from src\main\AndroidManifest.xml
		INJECTED from src\main\AndroidManifest.xml
	android:versionName
		ADDED from src\main\AndroidManifest.xml:5:2-27
		INJECTED from src\main\AndroidManifest.xml
		INJECTED from src\main\AndroidManifest.xml
	android:versionCode
		ADDED from src\main\AndroidManifest.xml:4:2-27
		INJECTED from src\main\AndroidManifest.xml
		INJECTED from src\main\AndroidManifest.xml
application
ADDED from src\main\AndroidManifest.xml:7:2-41:16
	android:label
		ADDED from src\main\AndroidManifest.xml:8:34-66
	android:icon
		ADDED from src\main\AndroidManifest.xml:8:3-33
	android:name
		ADDED from src\main\AndroidManifest.xml:7:15-75
activity#tyt.android.bigplanettracks.BigPlanet
ADDED from src\main\AndroidManifest.xml:10:3-17:14
	android:configChanges
		ADDED from src\main\AndroidManifest.xml:10:13-63
	android:name
		ADDED from src\main\AndroidManifest.xml:11:4-29
	android:launchMode
		ADDED from src\main\AndroidManifest.xml:11:30-60
intent-filter#android.intent.action.MAIN+android.intent.category.LAUNCHER
ADDED from src\main\AndroidManifest.xml:12:4-15:20
action#android.intent.action.MAIN
ADDED from src\main\AndroidManifest.xml:13:5-57
	android:name
		ADDED from src\main\AndroidManifest.xml:13:13-54
category#android.intent.category.LAUNCHER
ADDED from src\main\AndroidManifest.xml:14:5-65
	android:name
		ADDED from src\main\AndroidManifest.xml:14:15-62
meta-data#android.app.default_searchable
ADDED from src\main\AndroidManifest.xml:16:4-90
	android:name
		ADDED from src\main\AndroidManifest.xml:16:15-60
	android:value
		ADDED from src\main\AndroidManifest.xml:16:61-87
activity#tyt.android.bigplanettracks.BigPlanetTracks
ADDED from src\main\AndroidManifest.xml:19:3-20:14
	android:name
		ADDED from src\main\AndroidManifest.xml:19:13-44
	android:launchMode
		ADDED from src\main\AndroidManifest.xml:19:45-75
activity#tyt.android.bigplanettracks.StatsActivity
ADDED from src\main\AndroidManifest.xml:22:3-23:66
	android:configChanges
		ADDED from src\main\AndroidManifest.xml:22:13-63
	android:name
		ADDED from src\main\AndroidManifest.xml:23:4-33
	android:launchMode
		ADDED from src\main\AndroidManifest.xml:23:34-64
activity#tyt.android.bigplanettracks.AllGeoBookmarks
ADDED from src\main\AndroidManifest.xml:25:3-26:37
	android:configChanges
		ADDED from src\main\AndroidManifest.xml:25:13-63
	android:name
		ADDED from src\main\AndroidManifest.xml:26:4-35
activity#tyt.android.bigplanettracks.FindPlace
ADDED from src\main\AndroidManifest.xml:28:3-35:14
	android:configChanges
		ADDED from src\main\AndroidManifest.xml:28:13-63
	android:theme
		ADDED from src\main\AndroidManifest.xml:28:64-107
	android:name
		ADDED from src\main\AndroidManifest.xml:29:4-29
	android:launchMode
		ADDED from src\main\AndroidManifest.xml:29:30-60
intent-filter#android.intent.action.SEARCH+android.intent.category.DEFAULT
ADDED from src\main\AndroidManifest.xml:30:4-33:20
action#android.intent.action.SEARCH
ADDED from src\main\AndroidManifest.xml:31:5-59
	android:name
		ADDED from src\main\AndroidManifest.xml:31:13-56
category#android.intent.category.DEFAULT
ADDED from src\main\AndroidManifest.xml:32:5-64
	android:name
		ADDED from src\main\AndroidManifest.xml:32:15-61
meta-data#android.app.searchable
ADDED from src\main\AndroidManifest.xml:34:4-90
	android:resource
		ADDED from src\main\AndroidManifest.xml:34:53-87
	android:name
		ADDED from src\main\AndroidManifest.xml:34:15-52
activity#tyt.android.bigplanettracks.tracks.TrackTabViewActivity
ADDED from src\main\AndroidManifest.xml:37:3-85
	android:name
		ADDED from src\main\AndroidManifest.xml:37:13-83
service#tyt.android.bigplanettracks.MyLocationService
ADDED from src\main\AndroidManifest.xml:39:3-70
	android:enabled
		ADDED from src\main\AndroidManifest.xml:39:46-68
	android:name
		ADDED from src\main\AndroidManifest.xml:39:12-45
uses-permission#android.permission.INTERNET
ADDED from src\main\AndroidManifest.xml:44:2-63
	android:name
		ADDED from src\main\AndroidManifest.xml:44:19-61
uses-permission#android.permission.ACCESS_COARSE_LOCATION
ADDED from src\main\AndroidManifest.xml:45:2-77
	android:name
		ADDED from src\main\AndroidManifest.xml:45:19-75
uses-permission#android.permission.ACCESS_FINE_LOCATION
ADDED from src\main\AndroidManifest.xml:46:2-75
	android:name
		ADDED from src\main\AndroidManifest.xml:46:19-73
uses-permission#android.permission.WAKE_LOCK
ADDED from src\main\AndroidManifest.xml:47:2-64
	android:name
		ADDED from src\main\AndroidManifest.xml:47:19-62
uses-permission#android.permission.WRITE_EXTERNAL_STORAGE
ADDED from src\main\AndroidManifest.xml:48:5-80
	android:name
		ADDED from src\main\AndroidManifest.xml:48:22-78
uses-sdk
ADDED from src\main\AndroidManifest.xml:50:2-41
	android:targetSdkVersion
		INJECTED from src\main\AndroidManifest.xml
		INJECTED from src\main\AndroidManifest.xml
	android:minSdkVersion
		ADDED from src\main\AndroidManifest.xml:50:12-38
		INJECTED from src\main\AndroidManifest.xml
		INJECTED from src\main\AndroidManifest.xml
supports-screens
ADDED from src\main\AndroidManifest.xml:51:2-57:31
	android:resizeable
		ADDED from src\main\AndroidManifest.xml:52:3-28
	android:largeScreens
		ADDED from src\main\AndroidManifest.xml:54:3-30
	android:anyDensity
		ADDED from src\main\AndroidManifest.xml:57:3-28
	android:normalScreens
		ADDED from src\main\AndroidManifest.xml:55:3-31
	android:xlargeScreens
		ADDED from src\main\AndroidManifest.xml:53:3-31
	android:smallScreens
		ADDED from src\main\AndroidManifest.xml:56:3-30